e:\repos\warzone-asg1\debug\vc142.pdb
e:\repos\warzone-asg1\debug\vc142.idb
e:\repos\warzone-asg1\debug\territory.obj
e:\repos\warzone-asg1\debug\player.obj
e:\repos\warzone-asg1\debug\orderdriver.obj
e:\repos\warzone-asg1\debug\order.obj
e:\repos\warzone-asg1\debug\playerdriver.obj
e:\repos\warzone-asg1\debug\maploaderdriver.obj
e:\repos\warzone-asg1\debug\maploader.obj
e:\repos\warzone-asg1\debug\mapdriver.obj
e:\repos\warzone-asg1\debug\map.obj
e:\repos\warzone-asg1\debug\cardsdriver.obj
e:\repos\warzone-asg1\debug\cards.obj
e:\repos\warzone-asg1\debug\warzone-asg1.exe
e:\repos\warzone-asg1\debug\warzone-asg1.ilk
e:\repos\warzone-asg1\debug\warzone-asg1.pdb
e:\repos\warzone-asg1\debug\warzone-asg1.vcxproj.cppwinrt_comp.rsp
e:\repos\warzone-asg1\debug\warzone-asg1.vcxproj.cppwinrt_plat.rsp
e:\repos\warzone-asg1\debug\warzone-asg1.vcxproj.mdmerge.rsp
e:\repos\warzone-asg1\debug\warzone-asg1.vcxproj.midlrt.rsp
e:\repos\warzone-asg1\debug\warzone-asg1.tlog\cl.command.1.tlog
e:\repos\warzone-asg1\debug\warzone-asg1.tlog\cl.read.1.tlog
e:\repos\warzone-asg1\debug\warzone-asg1.tlog\cl.write.1.tlog
e:\repos\warzone-asg1\debug\warzone-asg1.tlog\link.command.1.tlog
e:\repos\warzone-asg1\debug\warzone-asg1.tlog\link.read.1.tlog
e:\repos\warzone-asg1\debug\warzone-asg1.tlog\link.write.1.tlog
